#! /usr/bin/vvp
:ivl_version "11.0 (stable)";
:ivl_delay_selection "TYPICAL";
:vpi_time_precision - 12;
:vpi_module "/usr/lib/x86_64-linux-gnu/ivl/system.vpi";
:vpi_module "/usr/lib/x86_64-linux-gnu/ivl/vhdl_sys.vpi";
:vpi_module "/usr/lib/x86_64-linux-gnu/ivl/vhdl_textio.vpi";
:vpi_module "/usr/lib/x86_64-linux-gnu/ivl/v2005_math.vpi";
:vpi_module "/usr/lib/x86_64-linux-gnu/ivl/va_math.vpi";
S_0x57948097e710 .scope module, "cryptoveril_tb" "cryptoveril_tb" 2 3;
 .timescale -9 -12;
L_0x5794809a4f40 .functor BUFZ 16, v0x5794809a2420_0, C4<0000000000000000>, C4<0000000000000000>, C4<0000000000000000>;
L_0x5794809a4fd0 .functor BUFZ 17, v0x5794809a2cf0_0, C4<00000000000000000>, C4<00000000000000000>, C4<00000000000000000>;
L_0x5794809a50f0 .functor BUFZ 16, L_0x5794809a4d80, C4<0000000000000000>, C4<0000000000000000>, C4<0000000000000000>;
L_0x5794809a51f0 .functor BUFZ 1, v0x5794809a1e50_0, C4<0>, C4<0>, C4<0>;
L_0x5794809a5260 .functor BUFZ 1, v0x5794809a2960_0, C4<0>, C4<0>, C4<0>;
v0x5794809a40d0_0 .var "clk1", 0 0;
v0x5794809a4190_0 .var "clk2", 0 0;
v0x5794809a42a0_0 .var "clk3", 0 0;
v0x5794809a4390_0 .var "input_data", 15 0;
v0x5794809a4480_0 .var "key_bits", 4 0;
v0x5794809a4570_0 .var "ld", 0 0;
v0x5794809a4660_0 .net "output_data", 15 0, L_0x5794809a4e40;  1 drivers
v0x5794809a4720_0 .var "rst", 0 0;
v0x5794809a4850_0 .var "start", 0 0;
v0x5794809a4980_0 .net "stg1_done", 0 0, L_0x5794809a51f0;  1 drivers
v0x5794809a4a20_0 .net "stg1_out", 15 0, L_0x5794809a4f40;  1 drivers
v0x5794809a4b00_0 .net "stg2_done", 0 0, L_0x5794809a5260;  1 drivers
v0x5794809a4bc0_0 .net "stg2_out", 16 0, L_0x5794809a4fd0;  1 drivers
v0x5794809a4ca0_0 .net "stg3_out", 15 0, L_0x5794809a50f0;  1 drivers
S_0x57948097e8a0 .scope module, "uut" "cryptoveril" 2 14, 3 1 0, S_0x57948097e710;
 .timescale -9 -12;
    .port_info 0 /INPUT 1 "clk1";
    .port_info 1 /INPUT 1 "clk2";
    .port_info 2 /INPUT 1 "clk3";
    .port_info 3 /INPUT 1 "rst";
    .port_info 4 /INPUT 16 "input_data";
    .port_info 5 /INPUT 5 "key_bits";
    .port_info 6 /INPUT 1 "ld";
    .port_info 7 /INPUT 1 "start";
    .port_info 8 /OUTPUT 16 "output_data";
L_0x5794809a4e40 .functor BUFZ 16, L_0x5794809a4d80, C4<0000000000000000>, C4<0000000000000000>, C4<0000000000000000>;
v0x5794809a34c0_0 .net "clk1", 0 0, v0x5794809a40d0_0;  1 drivers
v0x5794809a3580_0 .net "clk2", 0 0, v0x5794809a4190_0;  1 drivers
v0x5794809a3650_0 .net "clk3", 0 0, v0x5794809a42a0_0;  1 drivers
v0x5794809a3750_0 .net "input_data", 15 0, v0x5794809a4390_0;  1 drivers
v0x5794809a3820_0 .net "key_bits", 4 0, v0x5794809a4480_0;  1 drivers
v0x5794809a3960_0 .net "ld", 0 0, v0x5794809a4570_0;  1 drivers
v0x5794809a3a00_0 .net "output_data", 15 0, L_0x5794809a4e40;  alias, 1 drivers
v0x5794809a3aa0_0 .net "rst", 0 0, v0x5794809a4720_0;  1 drivers
v0x5794809a3b40_0 .net "start", 0 0, v0x5794809a4850_0;  1 drivers
v0x5794809a3be0_0 .net "stg1_done", 0 0, v0x5794809a1e50_0;  1 drivers
v0x5794809a3c80_0 .net "stg1_out", 15 0, v0x5794809a2420_0;  1 drivers
v0x5794809a3d70_0 .net "stg2_done", 0 0, v0x5794809a2960_0;  1 drivers
v0x5794809a3e10_0 .net "stg2_out", 16 0, v0x5794809a2cf0_0;  1 drivers
v0x5794809a3f00_0 .net "stg3_out", 15 0, L_0x5794809a4d80;  1 drivers
S_0x579480983150 .scope module, "stg1" "stage1" 3 17, 4 1 0, S_0x57948097e8a0;
 .timescale -9 -12;
    .port_info 0 /INPUT 1 "clk1";
    .port_info 1 /INPUT 1 "rst";
    .port_info 2 /INPUT 5 "key_bits";
    .port_info 3 /INPUT 16 "input_data";
    .port_info 4 /INPUT 1 "ld";
    .port_info 5 /INPUT 1 "start";
    .port_info 6 /OUTPUT 1 "done";
    .port_info 7 /OUTPUT 16 "stg1_out";
v0x579480983450_0 .net "clk1", 0 0, v0x5794809a40d0_0;  alias, 1 drivers
v0x5794809a1e50_0 .var "done", 0 0;
v0x5794809a1f10_0 .net "input_data", 15 0, v0x5794809a4390_0;  alias, 1 drivers
v0x5794809a1fd0_0 .net "key_bits", 4 0, v0x5794809a4480_0;  alias, 1 drivers
v0x5794809a20b0_0 .net "ld", 0 0, v0x5794809a4570_0;  alias, 1 drivers
v0x5794809a21c0_0 .net "rst", 0 0, v0x5794809a4720_0;  alias, 1 drivers
v0x5794809a2280_0 .var "shift_reg", 15 0;
v0x5794809a2360_0 .net "start", 0 0, v0x5794809a4850_0;  alias, 1 drivers
v0x5794809a2420_0 .var "stg1_out", 15 0;
E_0x57948097d190 .event posedge, v0x5794809a21c0_0, v0x579480983450_0;
S_0x5794809a2600 .scope module, "stg2" "stage2" 3 28, 5 1 0, S_0x57948097e8a0;
 .timescale -9 -12;
    .port_info 0 /INPUT 1 "clk2";
    .port_info 1 /INPUT 1 "rst";
    .port_info 2 /INPUT 5 "key_bits";
    .port_info 3 /INPUT 16 "stg1_out";
    .port_info 4 /INPUT 1 "stg1_done";
    .port_info 5 /OUTPUT 1 "done";
    .port_info 6 /OUTPUT 17 "stg2_out";
v0x5794809a2880_0 .net "clk2", 0 0, v0x5794809a4190_0;  alias, 1 drivers
v0x5794809a2960_0 .var "done", 0 0;
v0x5794809a2a20_0 .net "key_bits", 4 0, v0x5794809a4480_0;  alias, 1 drivers
v0x5794809a2ac0_0 .net "rst", 0 0, v0x5794809a4720_0;  alias, 1 drivers
v0x5794809a2b60_0 .net "stg1_done", 0 0, v0x5794809a1e50_0;  alias, 1 drivers
v0x5794809a2c50_0 .net "stg1_out", 15 0, v0x5794809a2420_0;  alias, 1 drivers
v0x5794809a2cf0_0 .var "stg2_out", 16 0;
E_0x57948097ce60 .event posedge, v0x5794809a21c0_0, v0x5794809a2880_0;
S_0x5794809a2e50 .scope module, "stg3" "stage3" 3 38, 6 1 0, S_0x57948097e8a0;
 .timescale -9 -12;
    .port_info 0 /INPUT 1 "clk3";
    .port_info 1 /INPUT 1 "rst";
    .port_info 2 /INPUT 17 "stg2_out";
    .port_info 3 /OUTPUT 16 "stg3_out";
v0x5794809a30d0_0 .net "clk3", 0 0, v0x5794809a42a0_0;  alias, 1 drivers
v0x5794809a3190_0 .net "rst", 0 0, v0x5794809a4720_0;  alias, 1 drivers
v0x5794809a32a0_0 .net "stg2_out", 16 0, v0x5794809a2cf0_0;  alias, 1 drivers
v0x5794809a3370_0 .net "stg3_out", 15 0, L_0x5794809a4d80;  alias, 1 drivers
L_0x5794809a4d80 .part v0x5794809a2cf0_0, 1, 16;
    .scope S_0x579480983150;
T_0 ;
    %pushi/vec4 0, 0, 16;
    %store/vec4 v0x5794809a2280_0, 0, 16;
    %end;
    .thread T_0;
    .scope S_0x579480983150;
T_1 ;
    %wait E_0x57948097d190;
    %load/vec4 v0x5794809a21c0_0;
    %flag_set/vec4 8;
    %jmp/0xz  T_1.0, 8;
    %pushi/vec4 0, 0, 16;
    %assign/vec4 v0x5794809a2280_0, 0;
    %pushi/vec4 0, 0, 16;
    %assign/vec4 v0x5794809a2420_0, 0;
    %pushi/vec4 0, 0, 1;
    %assign/vec4 v0x5794809a1e50_0, 0;
    %jmp T_1.1;
T_1.0 ;
    %load/vec4 v0x5794809a20b0_0;
    %flag_set/vec4 8;
    %jmp/0xz  T_1.2, 8;
    %load/vec4 v0x5794809a1f10_0;
    %assign/vec4 v0x5794809a2280_0, 0;
    %pushi/vec4 0, 0, 1;
    %assign/vec4 v0x5794809a1e50_0, 0;
    %jmp T_1.3;
T_1.2 ;
    %load/vec4 v0x5794809a2360_0;
    %load/vec4 v0x5794809a1e50_0;
    %nor/r;
    %and;
    %flag_set/vec4 8;
    %jmp/0xz  T_1.4, 8;
    %load/vec4 v0x5794809a2280_0;
    %load/vec4 v0x5794809a1fd0_0;
    %parti/s 3, 2, 3;
    %ix/vec4 4;
    %shiftl 4;
    %addi 3, 0, 16;
    %assign/vec4 v0x5794809a2420_0, 0;
    %pushi/vec4 1, 0, 1;
    %assign/vec4 v0x5794809a1e50_0, 0;
T_1.4 ;
T_1.3 ;
T_1.1 ;
    %jmp T_1;
    .thread T_1;
    .scope S_0x5794809a2600;
T_2 ;
    %wait E_0x57948097ce60;
    %load/vec4 v0x5794809a2ac0_0;
    %flag_set/vec4 8;
    %jmp/0xz  T_2.0, 8;
    %pushi/vec4 0, 0, 17;
    %assign/vec4 v0x5794809a2cf0_0, 0;
    %pushi/vec4 0, 0, 1;
    %assign/vec4 v0x5794809a2960_0, 0;
    %jmp T_2.1;
T_2.0 ;
    %load/vec4 v0x5794809a2b60_0;
    %load/vec4 v0x5794809a2960_0;
    %nor/r;
    %and;
    %flag_set/vec4 8;
    %jmp/0xz  T_2.2, 8;
    %load/vec4 v0x5794809a2c50_0;
    %ix/load 4, 1, 0;
    %ix/load 5, 0, 0;
    %flag_set/imm 4, 0;
    %assign/vec4/off/d v0x5794809a2cf0_0, 4, 5;
    %load/vec4 v0x5794809a2a20_0;
    %parti/s 2, 0, 2;
    %dup/vec4;
    %pushi/vec4 0, 0, 2;
    %cmp/u;
    %jmp/1 T_2.4, 6;
    %dup/vec4;
    %pushi/vec4 1, 0, 2;
    %cmp/u;
    %jmp/1 T_2.5, 6;
    %dup/vec4;
    %pushi/vec4 2, 0, 2;
    %cmp/u;
    %jmp/1 T_2.6, 6;
    %dup/vec4;
    %pushi/vec4 3, 0, 2;
    %cmp/u;
    %jmp/1 T_2.7, 6;
    %jmp T_2.8;
T_2.4 ;
    %load/vec4 v0x5794809a2c50_0;
    %xor/r;
    %inv;
    %ix/load 4, 0, 0;
    %ix/load 5, 0, 0;
    %flag_set/imm 4, 0;
    %assign/vec4/off/d v0x5794809a2cf0_0, 4, 5;
    %pushi/vec4 1, 0, 1;
    %assign/vec4 v0x5794809a2960_0, 0;
    %jmp T_2.8;
T_2.5 ;
    %load/vec4 v0x5794809a2c50_0;
    %or/r;
    %ix/load 4, 0, 0;
    %ix/load 5, 0, 0;
    %flag_set/imm 4, 0;
    %assign/vec4/off/d v0x5794809a2cf0_0, 4, 5;
    %pushi/vec4 1, 0, 1;
    %assign/vec4 v0x5794809a2960_0, 0;
    %jmp T_2.8;
T_2.6 ;
    %load/vec4 v0x5794809a2c50_0;
    %and/r;
    %ix/load 4, 0, 0;
    %ix/load 5, 0, 0;
    %flag_set/imm 4, 0;
    %assign/vec4/off/d v0x5794809a2cf0_0, 4, 5;
    %pushi/vec4 1, 0, 1;
    %assign/vec4 v0x5794809a2960_0, 0;
    %jmp T_2.8;
T_2.7 ;
    %load/vec4 v0x5794809a2c50_0;
    %or/r;
    %ix/load 4, 0, 0;
    %ix/load 5, 0, 0;
    %flag_set/imm 4, 0;
    %assign/vec4/off/d v0x5794809a2cf0_0, 4, 5;
    %pushi/vec4 1, 0, 1;
    %assign/vec4 v0x5794809a2960_0, 0;
    %jmp T_2.8;
T_2.8 ;
    %pop/vec4 1;
T_2.2 ;
T_2.1 ;
    %jmp T_2;
    .thread T_2;
    .scope S_0x57948097e710;
T_3 ;
    %pushi/vec4 0, 0, 1;
    %store/vec4 v0x5794809a40d0_0, 0, 1;
    %pushi/vec4 0, 0, 1;
    %store/vec4 v0x5794809a4190_0, 0, 1;
    %pushi/vec4 0, 0, 1;
    %store/vec4 v0x5794809a42a0_0, 0, 1;
T_3.0 ;
    %delay 1000, 0;
    %load/vec4 v0x5794809a40d0_0;
    %inv;
    %store/vec4 v0x5794809a40d0_0, 0, 1;
    %jmp T_3.0;
    %end;
    .thread T_3;
    .scope S_0x57948097e710;
T_4 ;
T_4.0 ;
    %delay 3000, 0;
    %load/vec4 v0x5794809a4190_0;
    %inv;
    %store/vec4 v0x5794809a4190_0, 0, 1;
    %jmp T_4.0;
    %end;
    .thread T_4;
    .scope S_0x57948097e710;
T_5 ;
T_5.0 ;
    %delay 9000, 0;
    %load/vec4 v0x5794809a42a0_0;
    %inv;
    %store/vec4 v0x5794809a42a0_0, 0, 1;
    %jmp T_5.0;
    %end;
    .thread T_5;
    .scope S_0x57948097e710;
T_6 ;
    %vpi_call 2 51 "$dumpfile", "cryptoveril_tb.vcd" {0 0 0};
    %vpi_call 2 52 "$dumpvars", 32'sb00000000000000000000000000000000, S_0x57948097e710 {0 0 0};
    %pushi/vec4 1, 0, 1;
    %store/vec4 v0x5794809a4720_0, 0, 1;
    %pushi/vec4 0, 0, 1;
    %store/vec4 v0x5794809a4850_0, 0, 1;
    %pushi/vec4 0, 0, 1;
    %store/vec4 v0x5794809a4570_0, 0, 1;
    %pushi/vec4 255, 0, 16;
    %store/vec4 v0x5794809a4390_0, 0, 16;
    %pushi/vec4 25, 0, 5;
    %store/vec4 v0x5794809a4480_0, 0, 5;
    %delay 20000, 0;
    %pushi/vec4 0, 0, 1;
    %store/vec4 v0x5794809a4720_0, 0, 1;
    %delay 10000, 0;
    %pushi/vec4 1, 0, 1;
    %store/vec4 v0x5794809a4570_0, 0, 1;
    %delay 10000, 0;
    %pushi/vec4 0, 0, 1;
    %store/vec4 v0x5794809a4570_0, 0, 1;
    %pushi/vec4 1, 0, 1;
    %store/vec4 v0x5794809a4850_0, 0, 1;
    %delay 200000, 0;
    %vpi_call 2 70 "$finish" {0 0 0};
    %end;
    .thread T_6;
# The file index is used to find the file name in the following table.
:file_names 7;
    "N/A";
    "<interactive>";
    "cryptoveril-testbench.v";
    "cryptoveril.v";
    "stage1.v";
    "stage2.v";
    "stage3.v";
